<?xml version="1.0" encoding="UTF-8"?>
<!-- Generated by org.testng.reporters.JUnitXMLReporter -->
<testsuite hostname="LAPTOP-UFMLBTPI" ignored="4" name="Test" tests="8" failures="0" timestamp="2019-10-28T01:35:04 IST" time="88.639" errors="0">
  <testcase name="HandleThePopUpBox" time="6.272" classname="AlshayaExportFunctionality.Export_bathandbodyworks_AE"/>
  <testcase name="SignInClick" time="0.578" classname="AlshayaExportFunctionality.Export_bathandbodyworks_AE"/>
  <testcase name="LoginPage" time="4.716" classname="AlshayaExportFunctionality.Export_bathandbodyworks_AE"/>
  <testcase name="HomePage" time="5.188" classname="AlshayaExportFunctionality.Export_bathandbodyworks_AE"/>
  <testcase name="HandleThePopUpBox" time="6.276" classname="AlshayaExportFunctionality.Export_Footlocker_AE"/>
  <testcase name="SignInClick" time="0.579" classname="AlshayaExportFunctionality.Export_Footlocker_AE"/>
  <testcase name="LoginPage" time="7.807" classname="AlshayaExportFunctionality.Export_Footlocker_AE"/>
  <testcase name="HomePage" time="6.842" classname="AlshayaExportFunctionality.Export_Footlocker_AE"/>
  <testcase name="@AfterSuite tearDownFramework" time="0.0" classname="com.AlshayaGroup.TestSetup.TestSetup">
    <ignored/>
  </testcase> <!-- @AfterSuite tearDownFramework -->
  <testcase name="@BeforeTest beforeTest" time="0.0" classname="com.AlshayaGroup.TestSetup.TestSetup">
    <ignored/>
  </testcase> <!-- @BeforeTest beforeTest -->
  <testcase name="@AfterTest afterTest" time="0.0" classname="com.AlshayaGroup.TestSetup.TestSetup">
    <ignored/>
  </testcase> <!-- @AfterTest afterTest -->
  <testcase name="@BeforeSuite setUpFramework" time="0.0" classname="com.AlshayaGroup.TestSetup.TestSetup">
    <ignored/>
  </testcase> <!-- @BeforeSuite setUpFramework -->
</testsuite> <!-- Test -->
