<?xml version="1.0" encoding="UTF-8"?>
<!-- Generated by org.testng.reporters.JUnitXMLReporter -->
<testsuite hostname="LAPTOP-UFMLBTPI" ignored="1" name="Test(failed)(failed)(failed)(failed)" tests="3" failures="2" timestamp="2019-10-23T17:43:08 IST" time="34.313" errors="0">
  <testcase name="@AfterTest afterTest" time="0.006" classname="com.AlshayaGroup.TestSetup.TestSetup">
    <failure type="java.lang.NullPointerException">
      <![CDATA[java.lang.NullPointerException
at com.AlshayaGroup.ZipUnzip.ZipDirectory.getAllFiles(ZipDirectory.java:30)
at com.AlshayaGroup.ZipUnzip.ZipDirectory.Zipdirectory(ZipDirectory.java:21)
at com.AlshayaGroup.TestSetup.TestSetup.afterTest(TestSetup.java:143)
... Removed 24 stack frames]]>
    </failure>
  </testcase> <!-- @AfterTest afterTest -->
  <testcase name="SignInClick" time="1.756" classname="AlshayaExportFunctionality.Export_Potterybarn_AE"/>
  <testcase name="LoginPage" time="0.017" classname="AlshayaExportFunctionality.Export_Potterybarn_AE">
    <failure type="org.testng.internal.reflect.MethodMatcherException" message="
[public static void AlshayaExportFunctionality.Export_Potterybarn_AE.LoginPage(java.lang.String,java.lang.String)] has no parameters defined but was found to be using a data provider (either explicitly specified or inherited from class level annotation).
Data provider mismatch
Method: LoginPage([Parameter{index=0, type=java.lang.String, declaredAnnotations=[]}, Parameter{index=1, type=java.lang.String, declaredAnnotations=[]}])
Arguments: [(java.lang.String) URL]">
      <![CDATA[org.testng.internal.reflect.MethodMatcherException: 
[public static void AlshayaExportFunctionality.Export_Potterybarn_AE.LoginPage(java.lang.String,java.lang.String)] has no parameters defined but was found to be using a data provider (either explicitly specified or inherited from class level annotation).
Data provider mismatch
Method: LoginPage([Parameter{index=0, type=java.lang.String, declaredAnnotations=[]}, Parameter{index=1, type=java.lang.String, declaredAnnotations=[]}])
Arguments: [(java.lang.String) URL]
at java.util.ArrayList.forEach(Unknown Source)
... Removed 22 stack frames]]>
    </failure>
  </testcase> <!-- LoginPage -->
  <testcase name="HomePage" time="14.77" classname="AlshayaExportFunctionality.Export_Potterybarn_AE">
    <failure type="java.lang.NullPointerException">
      <![CDATA[java.lang.NullPointerException
at AlshayaExportFunctionality.Export_Potterybarn_AE.HomePage(Export_Potterybarn_AE.java:101)
at java.util.ArrayList.forEach(Unknown Source)
... Removed 27 stack frames]]>
    </failure>
  </testcase> <!-- HomePage -->
  <testcase name="HandleThePopUpBox" time="0.0" classname="AlshayaExportFunctionality.Export_Potterybarn_AE">
    <ignored/>
  </testcase> <!-- HandleThePopUpBox -->
</testsuite> <!-- Test(failed)(failed)(failed)(failed) -->
